[0.084s] DEBUG:colcon:Command line arguments: ['/usr/bin/colcon', 'build', '--packages-select', 'wall_follow']
[0.084s] DEBUG:colcon:Parsed command line arguments: Namespace(allow_overriding=[], ament_cmake_args=None, base_paths=['.'], build_base='build', catkin_cmake_args=None, catkin_skip_building_tests=False, cmake_args=None, cmake_clean_cache=False, cmake_clean_first=False, cmake_force_configure=False, cmake_target=None, cmake_target_skip_unavailable=False, continue_on_error=False, event_handlers=None, executor='parallel', ignore_user_meta=False, install_base='install', log_base=None, log_level=None, main=<bound method BuildVerb.main of <colcon_core.verb.build.BuildVerb object at 0x7f810552fe50>>, merge_install=False, metas=['./colcon.meta'], packages_above=None, packages_above_and_dependencies=None, packages_above_depth=None, packages_end=None, packages_ignore=None, packages_ignore_regex=None, packages_select=['wall_follow'], packages_select_build_failed=False, packages_select_by_dep=None, packages_select_regex=None, packages_select_test_failures=False, packages_skip=None, packages_skip_build_finished=False, packages_skip_by_dep=None, packages_skip_regex=None, packages_skip_test_passed=False, packages_skip_up_to=None, packages_start=None, packages_up_to=None, packages_up_to_regex=None, parallel_workers=32, paths=None, symlink_install=False, test_result_base=None, verb_extension=<colcon_core.verb.build.BuildVerb object at 0x7f810552fe50>, verb_name='build', verb_parser=<colcon_defaults.argument_parser.defaults.DefaultArgumentsDecorator object at 0x7f81054bf670>)
[0.153s] Level 1:colcon.colcon_core.package_discovery:discover_packages(colcon_meta) check parameters
[0.153s] Level 1:colcon.colcon_core.package_discovery:discover_packages(recursive) check parameters
[0.153s] Level 1:colcon.colcon_core.package_discovery:discover_packages(ignore) check parameters
[0.153s] Level 1:colcon.colcon_core.package_discovery:discover_packages(path) check parameters
[0.153s] Level 1:colcon.colcon_core.package_discovery:discover_packages(colcon_meta) discover
[0.153s] Level 1:colcon.colcon_core.package_discovery:discover_packages(recursive) discover
[0.153s] INFO:colcon.colcon_core.package_discovery:Crawling recursively for packages in '/home/abreham/sim_ws/src/wall_follow'
[0.153s] Level 1:colcon.colcon_core.package_identification:_identify(.) by extensions ['ignore', 'ignore_ament_install']
[0.153s] Level 1:colcon.colcon_core.package_identification:_identify(.) by extension 'ignore'
[0.153s] Level 1:colcon.colcon_core.package_identification:_identify(.) by extension 'ignore_ament_install'
[0.153s] Level 1:colcon.colcon_core.package_identification:_identify(.) by extensions ['colcon_pkg']
[0.153s] Level 1:colcon.colcon_core.package_identification:_identify(.) by extension 'colcon_pkg'
[0.153s] Level 1:colcon.colcon_core.package_identification:_identify(.) by extensions ['colcon_meta']
[0.153s] Level 1:colcon.colcon_core.package_identification:_identify(.) by extension 'colcon_meta'
[0.153s] Level 1:colcon.colcon_core.package_identification:_identify(.) by extensions ['ros']
[0.153s] Level 1:colcon.colcon_core.package_identification:_identify(.) by extension 'ros'
[0.160s] DEBUG:colcon.colcon_core.package_identification:Package '.' with type 'ros.ament_cmake' and name 'wall_follow'
[0.160s] Level 1:colcon.colcon_core.package_discovery:discover_packages(recursive) using defaults
[0.160s] Level 1:colcon.colcon_core.package_discovery:discover_packages(ignore) discover
[0.160s] Level 1:colcon.colcon_core.package_discovery:discover_packages(ignore) using defaults
[0.160s] Level 1:colcon.colcon_core.package_discovery:discover_packages(path) discover
[0.160s] Level 1:colcon.colcon_core.package_discovery:discover_packages(path) using defaults
[0.168s] Level 1:colcon.colcon_core.package_discovery:discover_packages(prefix_path) check parameters
[0.168s] Level 1:colcon.colcon_core.package_discovery:discover_packages(prefix_path) discover
[0.169s] DEBUG:colcon.colcon_installed_package_information.package_discovery:Found 1 installed packages in /home/abreham/sim_ws/src/wall_follow/install
[0.169s] DEBUG:colcon.colcon_installed_package_information.package_discovery:Found 6 installed packages in /home/abreham/sim_ws/src/install
[0.169s] DEBUG:colcon.colcon_installed_package_information.package_discovery:Found 1 installed packages in /home/abreham/sim_ws/install
[0.170s] DEBUG:colcon.colcon_installed_package_information.package_discovery:Found 266 installed packages in /opt/ros/foxy
[0.171s] Level 1:colcon.colcon_core.package_discovery:discover_packages(prefix_path) using defaults
[0.200s] Level 5:colcon.colcon_core.verb:set package 'wall_follow' build argument 'cmake_args' from command line to 'None'
[0.200s] Level 5:colcon.colcon_core.verb:set package 'wall_follow' build argument 'cmake_target' from command line to 'None'
[0.200s] Level 5:colcon.colcon_core.verb:set package 'wall_follow' build argument 'cmake_target_skip_unavailable' from command line to 'False'
[0.200s] Level 5:colcon.colcon_core.verb:set package 'wall_follow' build argument 'cmake_clean_cache' from command line to 'False'
[0.200s] Level 5:colcon.colcon_core.verb:set package 'wall_follow' build argument 'cmake_clean_first' from command line to 'False'
[0.200s] Level 5:colcon.colcon_core.verb:set package 'wall_follow' build argument 'cmake_force_configure' from command line to 'False'
[0.200s] Level 5:colcon.colcon_core.verb:set package 'wall_follow' build argument 'ament_cmake_args' from command line to 'None'
[0.200s] Level 5:colcon.colcon_core.verb:set package 'wall_follow' build argument 'catkin_cmake_args' from command line to 'None'
[0.200s] Level 5:colcon.colcon_core.verb:set package 'wall_follow' build argument 'catkin_skip_building_tests' from command line to 'False'
[0.200s] DEBUG:colcon.colcon_core.verb:Building package 'wall_follow' with the following arguments: {'ament_cmake_args': None, 'build_base': '/home/abreham/sim_ws/src/wall_follow/build/wall_follow', 'catkin_cmake_args': None, 'catkin_skip_building_tests': False, 'cmake_args': None, 'cmake_clean_cache': False, 'cmake_clean_first': False, 'cmake_force_configure': False, 'cmake_target': None, 'cmake_target_skip_unavailable': False, 'install_base': '/home/abreham/sim_ws/src/wall_follow/install/wall_follow', 'merge_install': False, 'path': '/home/abreham/sim_ws/src/wall_follow', 'symlink_install': False, 'test_result_base': None}
[0.201s] INFO:colcon.colcon_core.executor:Executing jobs using 'parallel' executor
[0.201s] DEBUG:colcon.colcon_parallel_executor.executor.parallel:run_until_complete
[0.201s] INFO:colcon.colcon_ros.task.ament_cmake.build:Building ROS package in '/home/abreham/sim_ws/src/wall_follow' with build type 'ament_cmake'
[0.201s] INFO:colcon.colcon_cmake.task.cmake.build:Building CMake package in '/home/abreham/sim_ws/src/wall_follow'
[0.202s] INFO:colcon.colcon_core.plugin_system:Skipping extension 'colcon_core.shell.bat': Not used on non-Windows systems
[0.203s] INFO:colcon.colcon_core.shell:Skip shell extension 'powershell' for command environment: Not usable outside of PowerShell
[0.203s] DEBUG:colcon.colcon_core.shell:Skip shell extension 'dsv' for command environment
[0.209s] DEBUG:colcon.colcon_core.event_handler.log_command:Invoking command in '/home/abreham/sim_ws/src/wall_follow/build/wall_follow': CMAKE_PREFIX_PATH=${CMAKE_PREFIX_PATH}:/home/abreham/sim_ws/src/install/launcher_pkg:/home/abreham/sim_ws/src/install/f1tenth_gym_ros:/home/abreham/sim_ws/install/wall_follow:/opt/ros/foxy /usr/bin/cmake --build /home/abreham/sim_ws/src/wall_follow/build/wall_follow -- -j32 -l32
[0.252s] DEBUG:colcon.colcon_core.event_handler.log_command:Invoked command in '/home/abreham/sim_ws/src/wall_follow/build/wall_follow' returned '0': CMAKE_PREFIX_PATH=${CMAKE_PREFIX_PATH}:/home/abreham/sim_ws/src/install/launcher_pkg:/home/abreham/sim_ws/src/install/f1tenth_gym_ros:/home/abreham/sim_ws/install/wall_follow:/opt/ros/foxy /usr/bin/cmake --build /home/abreham/sim_ws/src/wall_follow/build/wall_follow -- -j32 -l32
[0.258s] DEBUG:colcon.colcon_core.event_handler.log_command:Invoking command in '/home/abreham/sim_ws/src/wall_follow/build/wall_follow': CMAKE_PREFIX_PATH=${CMAKE_PREFIX_PATH}:/home/abreham/sim_ws/src/install/launcher_pkg:/home/abreham/sim_ws/src/install/f1tenth_gym_ros:/home/abreham/sim_ws/install/wall_follow:/opt/ros/foxy /usr/bin/cmake --install /home/abreham/sim_ws/src/wall_follow/build/wall_follow
[0.280s] Level 1:colcon.colcon_core.environment:create_environment_scripts_only(wall_follow)
[0.280s] DEBUG:colcon.colcon_core.event_handler.log_command:Invoked command in '/home/abreham/sim_ws/src/wall_follow/build/wall_follow' returned '0': CMAKE_PREFIX_PATH=${CMAKE_PREFIX_PATH}:/home/abreham/sim_ws/src/install/launcher_pkg:/home/abreham/sim_ws/src/install/f1tenth_gym_ros:/home/abreham/sim_ws/install/wall_follow:/opt/ros/foxy /usr/bin/cmake --install /home/abreham/sim_ws/src/wall_follow/build/wall_follow
[0.281s] Level 1:colcon.colcon_core.environment:checking '/home/abreham/sim_ws/src/wall_follow/install/wall_follow' for CMake module files
[0.282s] Level 1:colcon.colcon_core.environment:checking '/home/abreham/sim_ws/src/wall_follow/install/wall_follow' for CMake config files
[0.282s] Level 1:colcon.colcon_core.shell:create_environment_hook('wall_follow', 'cmake_prefix_path')
[0.282s] INFO:colcon.colcon_core.shell:Creating environment hook '/home/abreham/sim_ws/src/wall_follow/install/wall_follow/share/wall_follow/hook/cmake_prefix_path.ps1'
[0.282s] INFO:colcon.colcon_core.shell:Creating environment descriptor '/home/abreham/sim_ws/src/wall_follow/install/wall_follow/share/wall_follow/hook/cmake_prefix_path.dsv'
[0.282s] INFO:colcon.colcon_core.shell:Creating environment hook '/home/abreham/sim_ws/src/wall_follow/install/wall_follow/share/wall_follow/hook/cmake_prefix_path.sh'
[0.283s] Level 1:colcon.colcon_core.environment:checking '/home/abreham/sim_ws/src/wall_follow/install/wall_follow/lib'
[0.283s] Level 1:colcon.colcon_core.environment:checking '/home/abreham/sim_ws/src/wall_follow/install/wall_follow/bin'
[0.283s] Level 1:colcon.colcon_core.environment:checking '/home/abreham/sim_ws/src/wall_follow/install/wall_follow/lib/pkgconfig/wall_follow.pc'
[0.283s] Level 1:colcon.colcon_core.environment:checking '/home/abreham/sim_ws/src/wall_follow/install/wall_follow/lib/python3.8/site-packages'
[0.283s] Level 1:colcon.colcon_core.shell:create_environment_hook('wall_follow', 'pythonpath')
[0.283s] INFO:colcon.colcon_core.shell:Creating environment hook '/home/abreham/sim_ws/src/wall_follow/install/wall_follow/share/wall_follow/hook/pythonpath.ps1'
[0.283s] INFO:colcon.colcon_core.shell:Creating environment descriptor '/home/abreham/sim_ws/src/wall_follow/install/wall_follow/share/wall_follow/hook/pythonpath.dsv'
[0.283s] INFO:colcon.colcon_core.shell:Creating environment hook '/home/abreham/sim_ws/src/wall_follow/install/wall_follow/share/wall_follow/hook/pythonpath.sh'
[0.284s] Level 1:colcon.colcon_core.environment:checking '/home/abreham/sim_ws/src/wall_follow/install/wall_follow/bin'
[0.284s] INFO:colcon.colcon_core.shell:Creating package script '/home/abreham/sim_ws/src/wall_follow/install/wall_follow/share/wall_follow/package.ps1'
[0.284s] INFO:colcon.colcon_core.shell:Creating package descriptor '/home/abreham/sim_ws/src/wall_follow/install/wall_follow/share/wall_follow/package.dsv'
[0.284s] INFO:colcon.colcon_core.shell:Creating package script '/home/abreham/sim_ws/src/wall_follow/install/wall_follow/share/wall_follow/package.sh'
[0.285s] INFO:colcon.colcon_core.shell:Creating package script '/home/abreham/sim_ws/src/wall_follow/install/wall_follow/share/wall_follow/package.bash'
[0.285s] INFO:colcon.colcon_core.shell:Creating package script '/home/abreham/sim_ws/src/wall_follow/install/wall_follow/share/wall_follow/package.zsh'
[0.285s] Level 1:colcon.colcon_core.environment:create_file_with_runtime_dependencies(/home/abreham/sim_ws/src/wall_follow/install/wall_follow/share/colcon-core/packages/wall_follow)
[0.285s] Level 1:colcon.colcon_core.environment:create_environment_scripts_only(wall_follow)
[0.285s] Level 1:colcon.colcon_core.environment:checking '/home/abreham/sim_ws/src/wall_follow/install/wall_follow' for CMake module files
[0.286s] Level 1:colcon.colcon_core.environment:checking '/home/abreham/sim_ws/src/wall_follow/install/wall_follow' for CMake config files
[0.286s] Level 1:colcon.colcon_core.shell:create_environment_hook('wall_follow', 'cmake_prefix_path')
[0.286s] INFO:colcon.colcon_core.shell:Creating environment hook '/home/abreham/sim_ws/src/wall_follow/install/wall_follow/share/wall_follow/hook/cmake_prefix_path.ps1'
[0.286s] INFO:colcon.colcon_core.shell:Creating environment descriptor '/home/abreham/sim_ws/src/wall_follow/install/wall_follow/share/wall_follow/hook/cmake_prefix_path.dsv'
[0.286s] INFO:colcon.colcon_core.shell:Creating environment hook '/home/abreham/sim_ws/src/wall_follow/install/wall_follow/share/wall_follow/hook/cmake_prefix_path.sh'
[0.286s] Level 1:colcon.colcon_core.environment:checking '/home/abreham/sim_ws/src/wall_follow/install/wall_follow/lib'
[0.286s] Level 1:colcon.colcon_core.environment:checking '/home/abreham/sim_ws/src/wall_follow/install/wall_follow/bin'
[0.286s] Level 1:colcon.colcon_core.environment:checking '/home/abreham/sim_ws/src/wall_follow/install/wall_follow/lib/pkgconfig/wall_follow.pc'
[0.286s] Level 1:colcon.colcon_core.environment:checking '/home/abreham/sim_ws/src/wall_follow/install/wall_follow/lib/python3.8/site-packages'
[0.286s] Level 1:colcon.colcon_core.shell:create_environment_hook('wall_follow', 'pythonpath')
[0.287s] INFO:colcon.colcon_core.shell:Creating environment hook '/home/abreham/sim_ws/src/wall_follow/install/wall_follow/share/wall_follow/hook/pythonpath.ps1'
[0.287s] INFO:colcon.colcon_core.shell:Creating environment descriptor '/home/abreham/sim_ws/src/wall_follow/install/wall_follow/share/wall_follow/hook/pythonpath.dsv'
[0.287s] INFO:colcon.colcon_core.shell:Creating environment hook '/home/abreham/sim_ws/src/wall_follow/install/wall_follow/share/wall_follow/hook/pythonpath.sh'
[0.287s] Level 1:colcon.colcon_core.environment:checking '/home/abreham/sim_ws/src/wall_follow/install/wall_follow/bin'
[0.287s] INFO:colcon.colcon_core.shell:Creating package script '/home/abreham/sim_ws/src/wall_follow/install/wall_follow/share/wall_follow/package.ps1'
[0.287s] INFO:colcon.colcon_core.shell:Creating package descriptor '/home/abreham/sim_ws/src/wall_follow/install/wall_follow/share/wall_follow/package.dsv'
[0.287s] INFO:colcon.colcon_core.shell:Creating package script '/home/abreham/sim_ws/src/wall_follow/install/wall_follow/share/wall_follow/package.sh'
[0.288s] INFO:colcon.colcon_core.shell:Creating package script '/home/abreham/sim_ws/src/wall_follow/install/wall_follow/share/wall_follow/package.bash'
[0.288s] INFO:colcon.colcon_core.shell:Creating package script '/home/abreham/sim_ws/src/wall_follow/install/wall_follow/share/wall_follow/package.zsh'
[0.288s] Level 1:colcon.colcon_core.environment:create_file_with_runtime_dependencies(/home/abreham/sim_ws/src/wall_follow/install/wall_follow/share/colcon-core/packages/wall_follow)
[0.288s] DEBUG:colcon.colcon_parallel_executor.executor.parallel:closing loop
[0.288s] DEBUG:colcon.colcon_parallel_executor.executor.parallel:loop closed
[0.288s] DEBUG:colcon.colcon_parallel_executor.executor.parallel:run_until_complete finished with '0'
[0.288s] DEBUG:colcon.colcon_core.event_reactor:joining thread
[0.291s] INFO:colcon.colcon_core.plugin_system:Skipping extension 'colcon_notification.desktop_notification.terminal_notifier': Not used on non-Darwin systems
[0.291s] INFO:colcon.colcon_core.plugin_system:Skipping extension 'colcon_notification.desktop_notification.win32': Not used on non-Windows systems
[0.291s] INFO:colcon.colcon_notification.desktop_notification:Sending desktop notification using 'notify2'
[0.303s] DEBUG:colcon.colcon_core.event_reactor:joined thread
[0.304s] INFO:colcon.colcon_core.shell:Creating prefix script '/home/abreham/sim_ws/src/wall_follow/install/local_setup.ps1'
[0.305s] INFO:colcon.colcon_core.shell:Creating prefix util module '/home/abreham/sim_ws/src/wall_follow/install/_local_setup_util_ps1.py'
[0.306s] INFO:colcon.colcon_core.shell:Creating prefix chain script '/home/abreham/sim_ws/src/wall_follow/install/setup.ps1'
[0.306s] INFO:colcon.colcon_core.shell:Creating prefix script '/home/abreham/sim_ws/src/wall_follow/install/local_setup.sh'
[0.307s] INFO:colcon.colcon_core.shell:Creating prefix util module '/home/abreham/sim_ws/src/wall_follow/install/_local_setup_util_sh.py'
[0.307s] INFO:colcon.colcon_core.shell:Creating prefix chain script '/home/abreham/sim_ws/src/wall_follow/install/setup.sh'
[0.308s] INFO:colcon.colcon_core.shell:Creating prefix script '/home/abreham/sim_ws/src/wall_follow/install/local_setup.bash'
[0.309s] INFO:colcon.colcon_core.shell:Creating prefix chain script '/home/abreham/sim_ws/src/wall_follow/install/setup.bash'
[0.311s] INFO:colcon.colcon_core.shell:Creating prefix script '/home/abreham/sim_ws/src/wall_follow/install/local_setup.zsh'
[0.312s] INFO:colcon.colcon_core.shell:Creating prefix chain script '/home/abreham/sim_ws/src/wall_follow/install/setup.zsh'
