[0.006s] Invoking command in '/home/abreham/sim_ws/src/wall_follow/build/wall_follow': CMAKE_PREFIX_PATH=${CMAKE_PREFIX_PATH}:/home/abreham/sim_ws/src/install/launcher_pkg:/home/abreham/sim_ws/src/install/f1tenth_gym_ros:/home/abreham/sim_ws/install/wall_follow:/opt/ros/foxy /usr/bin/cmake /home/abreham/sim_ws/src/wall_follow -DCMAKE_INSTALL_PREFIX=/home/abreham/sim_ws/src/wall_follow/install/wall_follow
[0.039s] -- The C compiler identification is GNU 9.4.0
[0.084s] -- The CXX compiler identification is GNU 9.4.0
[0.090s] -- Check for working C compiler: /usr/bin/cc
[0.148s] -- Check for working C compiler: /usr/bin/cc -- works
[0.148s] -- Detecting C compiler ABI info
[0.216s] -- Detecting C compiler ABI info - done
[0.226s] -- Detecting C compile features
[0.226s] -- Detecting C compile features - done
[0.227s] -- Check for working CXX compiler: /usr/bin/c++
[0.283s] -- Check for working CXX compiler: /usr/bin/c++ -- works
[0.284s] -- Detecting CXX compiler ABI info
[0.352s] -- Detecting CXX compiler ABI info - done
[0.361s] -- Detecting CXX compile features
[0.361s] -- Detecting CXX compile features - done
[0.363s] -- Found ament_cmake: 0.9.12 (/opt/ros/foxy/share/ament_cmake/cmake)
[0.379s] -- Found PythonInterp: /usr/bin/python3 (found suitable version "3.8.10", minimum required is "3") 
[0.379s] -- Using PYTHON_EXECUTABLE: /usr/bin/python3
[0.466s] -- Found rclcpp: 2.4.3 (/opt/ros/foxy/share/rclcpp/cmake)
[0.487s] -- Using all available rosidl_typesupport_c: rosidl_typesupport_fastrtps_c;rosidl_typesupport_introspection_c
[0.490s] -- Found rosidl_adapter: 1.3.1 (/opt/ros/foxy/share/rosidl_adapter/cmake)
[0.527s] -- Found OpenSSL: /usr/lib/x86_64-linux-gnu/libcrypto.so (found version "1.1.1f")  
[0.542s] -- Found FastRTPS: /opt/ros/foxy/include  
[0.580s] -- Using all available rosidl_typesupport_cpp: rosidl_typesupport_fastrtps_cpp;rosidl_typesupport_introspection_cpp
[0.608s] -- Found rmw_implementation_cmake: 1.0.4 (/opt/ros/foxy/share/rmw_implementation_cmake/cmake)
[0.608s] -- Using RMW implementation 'rmw_fastrtps_cpp' as default
[0.609s] -- Looking for pthread.h
[0.658s] -- Looking for pthread.h - found
[0.658s] -- Performing Test CMAKE_HAVE_LIBC_PTHREAD
[0.737s] -- Performing Test CMAKE_HAVE_LIBC_PTHREAD - Failed
[0.737s] -- Looking for pthread_create in pthreads
[0.801s] -- Looking for pthread_create in pthreads - not found
[0.802s] -- Looking for pthread_create in pthread
[0.889s] -- Looking for pthread_create in pthread - found
[0.890s] -- Found Threads: TRUE  
[0.970s] -- Found rclpy: 1.0.13 (/opt/ros/foxy/share/rclpy/cmake)
[0.970s] -- Found geometry_msgs: 2.0.5 (/opt/ros/foxy/share/geometry_msgs/cmake)
[0.987s] -- Found nav_msgs: 2.0.5 (/opt/ros/foxy/share/nav_msgs/cmake)
[1.022s] -- Found ackermann_msgs: 2.0.2 (/opt/ros/foxy/share/ackermann_msgs/cmake)
[1.040s] -- Found sensor_msgs: 2.0.5 (/opt/ros/foxy/share/sensor_msgs/cmake)
[1.090s] -- Found ament_lint_auto: 0.9.8 (/opt/ros/foxy/share/ament_lint_auto/cmake)
[1.132s] -- Added test 'copyright' to check source files copyright and LICENSE
[1.135s] -- Added test 'cppcheck' to perform static code analysis on C / C++ code
[1.135s] -- Configured cppcheck include dirs: /home/abreham/sim_ws/src/wall_follow/include
[1.135s] -- Configured cppcheck exclude dirs and/or files: 
[1.137s] -- Added test 'cpplint' to check C / C++ code against the Google style
[1.137s] -- Configured cpplint exclude dirs and/or files: 
[1.137s] -- Added test 'flake8' to check Python code syntax and style conventions
[1.138s] -- Added test 'lint_cmake' to check CMake code style
[1.138s] -- Added test 'pep257' to check Python code against some of the style conventions in PEP 257
[1.140s] -- Added test 'uncrustify' to check C / C++ code style
[1.140s] -- Configured uncrustify additional arguments: 
[1.140s] -- Added test 'xmllint' to check XML markup files
[1.142s] -- Configuring done
[1.146s] -- Generating done
[1.149s] -- Build files have been written to: /home/abreham/sim_ws/src/wall_follow/build/wall_follow
[1.155s] Invoked command in '/home/abreham/sim_ws/src/wall_follow/build/wall_follow' returned '0': CMAKE_PREFIX_PATH=${CMAKE_PREFIX_PATH}:/home/abreham/sim_ws/src/install/launcher_pkg:/home/abreham/sim_ws/src/install/f1tenth_gym_ros:/home/abreham/sim_ws/install/wall_follow:/opt/ros/foxy /usr/bin/cmake /home/abreham/sim_ws/src/wall_follow -DCMAKE_INSTALL_PREFIX=/home/abreham/sim_ws/src/wall_follow/install/wall_follow
[1.155s] Invoking command in '/home/abreham/sim_ws/src/wall_follow/build/wall_follow': CMAKE_PREFIX_PATH=${CMAKE_PREFIX_PATH}:/home/abreham/sim_ws/src/install/launcher_pkg:/home/abreham/sim_ws/src/install/f1tenth_gym_ros:/home/abreham/sim_ws/install/wall_follow:/opt/ros/foxy /usr/bin/cmake --build /home/abreham/sim_ws/src/wall_follow/build/wall_follow -- -j32 -l32
[1.179s] [35m[1mScanning dependencies of target wall_follow_node[0m
[1.201s] [ 50%] [32mBuilding CXX object CMakeFiles/wall_follow_node.dir/src/wall_follow_node.cpp.o[0m
[1.732s] [01m[K/home/abreham/sim_ws/src/wall_follow/src/wall_follow_node.cpp:[m[K In member function ‘[01m[Kdouble WallFollow::get_range(float*, double)[m[K’:
[1.732s] [01m[K/home/abreham/sim_ws/src/wall_follow/src/wall_follow_node.cpp:30:29:[m[K [01;35m[Kwarning: [m[Kunused parameter ‘[01m[Krange_data[m[K’ [[01;35m[K-Wunused-parameter[m[K]
[1.732s]    30 |     double get_range([01;35m[Kfloat* range_data[m[K, double angle)
[1.732s]       |                      [01;35m[K~~~~~~~^~~~~~~~~~[m[K
[1.732s] [01m[K/home/abreham/sim_ws/src/wall_follow/src/wall_follow_node.cpp:30:48:[m[K [01;35m[Kwarning: [m[Kunused parameter ‘[01m[Kangle[m[K’ [[01;35m[K-Wunused-parameter[m[K]
[1.732s]    30 |     double get_range(float* range_data, [01;35m[Kdouble angle[m[K)
[1.732s]       |                                         [01;35m[K~~~~~~~^~~~~[m[K
[1.732s] [01m[K/home/abreham/sim_ws/src/wall_follow/src/wall_follow_node.cpp:[m[K In member function ‘[01m[Kdouble WallFollow::get_error(float*, double)[m[K’:
[1.732s] [01m[K/home/abreham/sim_ws/src/wall_follow/src/wall_follow_node.cpp:47:29:[m[K [01;35m[Kwarning: [m[Kunused parameter ‘[01m[Krange_data[m[K’ [[01;35m[K-Wunused-parameter[m[K]
[1.732s]    47 |     double get_error([01;35m[Kfloat* range_data[m[K, double dist)
[1.733s]       |                      [01;35m[K~~~~~~~^~~~~~~~~~[m[K
[1.733s] [01m[K/home/abreham/sim_ws/src/wall_follow/src/wall_follow_node.cpp:47:48:[m[K [01;35m[Kwarning: [m[Kunused parameter ‘[01m[Kdist[m[K’ [[01;35m[K-Wunused-parameter[m[K]
[1.733s]    47 |     double get_error(float* range_data, [01;35m[Kdouble dist[m[K)
[1.733s]       |                                         [01;35m[K~~~~~~~^~~~[m[K
[1.733s] [01m[K/home/abreham/sim_ws/src/wall_follow/src/wall_follow_node.cpp:[m[K In member function ‘[01m[Kvoid WallFollow::pid_control(double, double)[m[K’:
[1.733s] [01m[K/home/abreham/sim_ws/src/wall_follow/src/wall_follow_node.cpp:76:16:[m[K [01;35m[Kwarning: [m[Kunused variable ‘[01m[Kangle[m[K’ [[01;35m[K-Wunused-variable[m[K]
[1.733s]    76 |         double [01;35m[Kangle[m[K = 0.0;
[1.733s]       |                [01;35m[K^~~~~[m[K
[1.733s] [01m[K/home/abreham/sim_ws/src/wall_follow/src/wall_follow_node.cpp:64:29:[m[K [01;35m[Kwarning: [m[Kunused parameter ‘[01m[Kerror[m[K’ [[01;35m[K-Wunused-parameter[m[K]
[1.733s]    64 |     void pid_control([01;35m[Kdouble error[m[K, double velocity)
[1.733s]       |                      [01;35m[K~~~~~~~^~~~~[m[K
[1.733s] [01m[K/home/abreham/sim_ws/src/wall_follow/src/wall_follow_node.cpp:64:43:[m[K [01;35m[Kwarning: [m[Kunused parameter ‘[01m[Kvelocity[m[K’ [[01;35m[K-Wunused-parameter[m[K]
[1.733s]    64 |     void pid_control(double error, [01;35m[Kdouble velocity[m[K)
[1.733s]       |                                    [01;35m[K~~~~~~~^~~~~~~~[m[K
[1.733s] [01m[K/home/abreham/sim_ws/src/wall_follow/src/wall_follow_node.cpp:[m[K In member function ‘[01m[Kvoid WallFollow::scan_callback(sensor_msgs::msg::LaserScan_<std::allocator<void> >::ConstSharedPtr)[m[K’:
[1.733s] [01m[K/home/abreham/sim_ws/src/wall_follow/src/wall_follow_node.cpp:93:16:[m[K [01;35m[Kwarning: [m[Kunused variable ‘[01m[Kerror[m[K’ [[01;35m[K-Wunused-variable[m[K]
[1.733s]    93 |         double [01;35m[Kerror[m[K = 0.0; // TODO: replace with error calculated by get_error()
[1.733s]       |                [01;35m[K^~~~~[m[K
[1.733s] [01m[K/home/abreham/sim_ws/src/wall_follow/src/wall_follow_node.cpp:94:16:[m[K [01;35m[Kwarning: [m[Kunused variable ‘[01m[Kvelocity[m[K’ [[01;35m[K-Wunused-variable[m[K]
[1.733s]    94 |         double [01;35m[Kvelocity[m[K = 0.0; // TODO: calculate desired car velocity based on error
[1.733s]       |                [01;35m[K^~~~~~~~[m[K
[1.733s] [01m[K/home/abreham/sim_ws/src/wall_follow/src/wall_follow_node.cpp:82:74:[m[K [01;35m[Kwarning: [m[Kunused parameter ‘[01m[Kscan_msg[m[K’ [[01;35m[K-Wunused-parameter[m[K]
[1.733s]    82 |     void scan_callback([01;35m[Kconst sensor_msgs::msg::LaserScan::ConstSharedPtr scan_msg[m[K)
[1.733s]       |                        [01;35m[K~~~~~~~~~~~~~~~~~~~~~~~~~~~~~~~~~~~~~~~~~~~~~~~~~~^~~~~~~~[m[K
[1.938s] [100%] [32m[1mLinking CXX executable wall_follow_node[0m
[1.995s] [100%] Built target wall_follow_node
[2.001s] Invoked command in '/home/abreham/sim_ws/src/wall_follow/build/wall_follow' returned '0': CMAKE_PREFIX_PATH=${CMAKE_PREFIX_PATH}:/home/abreham/sim_ws/src/install/launcher_pkg:/home/abreham/sim_ws/src/install/f1tenth_gym_ros:/home/abreham/sim_ws/install/wall_follow:/opt/ros/foxy /usr/bin/cmake --build /home/abreham/sim_ws/src/wall_follow/build/wall_follow -- -j32 -l32
[2.007s] Invoking command in '/home/abreham/sim_ws/src/wall_follow/build/wall_follow': CMAKE_PREFIX_PATH=${CMAKE_PREFIX_PATH}:/home/abreham/sim_ws/src/install/launcher_pkg:/home/abreham/sim_ws/src/install/f1tenth_gym_ros:/home/abreham/sim_ws/install/wall_follow:/opt/ros/foxy /usr/bin/cmake --install /home/abreham/sim_ws/src/wall_follow/build/wall_follow
[2.011s] -- Install configuration: ""
[2.011s] -- Installing: /home/abreham/sim_ws/src/wall_follow/install/wall_follow/lib/wall_follow/wall_follow_node
[2.011s] -- Set runtime path of "/home/abreham/sim_ws/src/wall_follow/install/wall_follow/lib/wall_follow/wall_follow_node" to ""
[2.011s] -- Installing: /home/abreham/sim_ws/src/wall_follow/install/wall_follow/share/wall_follow/environment/pythonpath.sh
[2.011s] -- Installing: /home/abreham/sim_ws/src/wall_follow/install/wall_follow/share/wall_follow/environment/pythonpath.dsv
[2.011s] -- Installing: /home/abreham/sim_ws/src/wall_follow/install/wall_follow/lib/python3.8/site-packages/wall_follow
[2.011s] -- Installing: /home/abreham/sim_ws/src/wall_follow/install/wall_follow/lib/python3.8/site-packages/wall_follow/__init__.py
[2.026s] Listing '/home/abreham/sim_ws/src/wall_follow/install/wall_follow/lib/python3.8/site-packages/wall_follow'...
[2.026s] Compiling '/home/abreham/sim_ws/src/wall_follow/install/wall_follow/lib/python3.8/site-packages/wall_follow/__init__.py'...
[2.029s] -- Installing: /home/abreham/sim_ws/src/wall_follow/install/wall_follow/lib/wall_follow/wall_follow_node.py
[2.029s] -- Installing: /home/abreham/sim_ws/src/wall_follow/install/wall_follow/share/ament_index/resource_index/package_run_dependencies/wall_follow
[2.029s] -- Installing: /home/abreham/sim_ws/src/wall_follow/install/wall_follow/share/ament_index/resource_index/parent_prefix_path/wall_follow
[2.029s] -- Installing: /home/abreham/sim_ws/src/wall_follow/install/wall_follow/share/wall_follow/environment/ament_prefix_path.sh
[2.029s] -- Installing: /home/abreham/sim_ws/src/wall_follow/install/wall_follow/share/wall_follow/environment/ament_prefix_path.dsv
[2.029s] -- Installing: /home/abreham/sim_ws/src/wall_follow/install/wall_follow/share/wall_follow/environment/path.sh
[2.029s] -- Installing: /home/abreham/sim_ws/src/wall_follow/install/wall_follow/share/wall_follow/environment/path.dsv
[2.029s] -- Installing: /home/abreham/sim_ws/src/wall_follow/install/wall_follow/share/wall_follow/local_setup.bash
[2.029s] -- Installing: /home/abreham/sim_ws/src/wall_follow/install/wall_follow/share/wall_follow/local_setup.sh
[2.029s] -- Installing: /home/abreham/sim_ws/src/wall_follow/install/wall_follow/share/wall_follow/local_setup.zsh
[2.029s] -- Installing: /home/abreham/sim_ws/src/wall_follow/install/wall_follow/share/wall_follow/local_setup.dsv
[2.030s] -- Installing: /home/abreham/sim_ws/src/wall_follow/install/wall_follow/share/wall_follow/package.dsv
[2.031s] -- Installing: /home/abreham/sim_ws/src/wall_follow/install/wall_follow/share/ament_index/resource_index/packages/wall_follow
[2.031s] -- Installing: /home/abreham/sim_ws/src/wall_follow/install/wall_follow/share/wall_follow/cmake/wall_followConfig.cmake
[2.031s] -- Installing: /home/abreham/sim_ws/src/wall_follow/install/wall_follow/share/wall_follow/cmake/wall_followConfig-version.cmake
[2.031s] -- Installing: /home/abreham/sim_ws/src/wall_follow/install/wall_follow/share/wall_follow/package.xml
[2.031s] Invoked command in '/home/abreham/sim_ws/src/wall_follow/build/wall_follow' returned '0': CMAKE_PREFIX_PATH=${CMAKE_PREFIX_PATH}:/home/abreham/sim_ws/src/install/launcher_pkg:/home/abreham/sim_ws/src/install/f1tenth_gym_ros:/home/abreham/sim_ws/install/wall_follow:/opt/ros/foxy /usr/bin/cmake --install /home/abreham/sim_ws/src/wall_follow/build/wall_follow
