[0.007s] Invoking command in '/home/abreham/sim_ws/src/wall_follow/build/wall_follow': CMAKE_PREFIX_PATH=${CMAKE_PREFIX_PATH}:/home/abreham/sim_ws/src/install/launcher_pkg:/home/abreham/sim_ws/src/install/f1tenth_gym_ros:/home/abreham/sim_ws/install/wall_follow:/opt/ros/foxy /usr/bin/cmake --build /home/abreham/sim_ws/src/wall_follow/build/wall_follow -- -j32 -l32
[0.044s] [100%] Built target wall_follow_node
[0.050s] Invoked command in '/home/abreham/sim_ws/src/wall_follow/build/wall_follow' returned '0': CMAKE_PREFIX_PATH=${CMAKE_PREFIX_PATH}:/home/abreham/sim_ws/src/install/launcher_pkg:/home/abreham/sim_ws/src/install/f1tenth_gym_ros:/home/abreham/sim_ws/install/wall_follow:/opt/ros/foxy /usr/bin/cmake --build /home/abreham/sim_ws/src/wall_follow/build/wall_follow -- -j32 -l32
[0.056s] Invoking command in '/home/abreham/sim_ws/src/wall_follow/build/wall_follow': CMAKE_PREFIX_PATH=${CMAKE_PREFIX_PATH}:/home/abreham/sim_ws/src/install/launcher_pkg:/home/abreham/sim_ws/src/install/f1tenth_gym_ros:/home/abreham/sim_ws/install/wall_follow:/opt/ros/foxy /usr/bin/cmake --install /home/abreham/sim_ws/src/wall_follow/build/wall_follow
[0.060s] -- Install configuration: ""
[0.060s] -- Up-to-date: /home/abreham/sim_ws/src/wall_follow/install/wall_follow/lib/wall_follow/wall_follow_node
[0.060s] -- Up-to-date: /home/abreham/sim_ws/src/wall_follow/install/wall_follow/share/wall_follow/environment/pythonpath.sh
[0.060s] -- Up-to-date: /home/abreham/sim_ws/src/wall_follow/install/wall_follow/share/wall_follow/environment/pythonpath.dsv
[0.060s] -- Up-to-date: /home/abreham/sim_ws/src/wall_follow/install/wall_follow/lib/python3.8/site-packages/wall_follow
[0.060s] -- Up-to-date: /home/abreham/sim_ws/src/wall_follow/install/wall_follow/lib/python3.8/site-packages/wall_follow/__init__.py
[0.075s] Listing '/home/abreham/sim_ws/src/wall_follow/install/wall_follow/lib/python3.8/site-packages/wall_follow'...
[0.077s] -- Installing: /home/abreham/sim_ws/src/wall_follow/install/wall_follow/lib/wall_follow/wall_follow_node.py
[0.077s] -- Up-to-date: /home/abreham/sim_ws/src/wall_follow/install/wall_follow/share/ament_index/resource_index/package_run_dependencies/wall_follow
[0.077s] -- Up-to-date: /home/abreham/sim_ws/src/wall_follow/install/wall_follow/share/ament_index/resource_index/parent_prefix_path/wall_follow
[0.077s] -- Up-to-date: /home/abreham/sim_ws/src/wall_follow/install/wall_follow/share/wall_follow/environment/ament_prefix_path.sh
[0.077s] -- Up-to-date: /home/abreham/sim_ws/src/wall_follow/install/wall_follow/share/wall_follow/environment/ament_prefix_path.dsv
[0.077s] -- Up-to-date: /home/abreham/sim_ws/src/wall_follow/install/wall_follow/share/wall_follow/environment/path.sh
[0.077s] -- Up-to-date: /home/abreham/sim_ws/src/wall_follow/install/wall_follow/share/wall_follow/environment/path.dsv
[0.077s] -- Up-to-date: /home/abreham/sim_ws/src/wall_follow/install/wall_follow/share/wall_follow/local_setup.bash
[0.077s] -- Up-to-date: /home/abreham/sim_ws/src/wall_follow/install/wall_follow/share/wall_follow/local_setup.sh
[0.077s] -- Up-to-date: /home/abreham/sim_ws/src/wall_follow/install/wall_follow/share/wall_follow/local_setup.zsh
[0.077s] -- Up-to-date: /home/abreham/sim_ws/src/wall_follow/install/wall_follow/share/wall_follow/local_setup.dsv
[0.077s] -- Installing: /home/abreham/sim_ws/src/wall_follow/install/wall_follow/share/wall_follow/package.dsv
[0.077s] -- Up-to-date: /home/abreham/sim_ws/src/wall_follow/install/wall_follow/share/ament_index/resource_index/packages/wall_follow
[0.077s] -- Up-to-date: /home/abreham/sim_ws/src/wall_follow/install/wall_follow/share/wall_follow/cmake/wall_followConfig.cmake
[0.077s] -- Up-to-date: /home/abreham/sim_ws/src/wall_follow/install/wall_follow/share/wall_follow/cmake/wall_followConfig-version.cmake
[0.078s] -- Up-to-date: /home/abreham/sim_ws/src/wall_follow/install/wall_follow/share/wall_follow/package.xml
[0.078s] Invoked command in '/home/abreham/sim_ws/src/wall_follow/build/wall_follow' returned '0': CMAKE_PREFIX_PATH=${CMAKE_PREFIX_PATH}:/home/abreham/sim_ws/src/install/launcher_pkg:/home/abreham/sim_ws/src/install/f1tenth_gym_ros:/home/abreham/sim_ws/install/wall_follow:/opt/ros/foxy /usr/bin/cmake --install /home/abreham/sim_ws/src/wall_follow/build/wall_follow
