[0.093s] DEBUG:colcon:Command line arguments: ['/usr/bin/colcon', 'list', '-p', '--base-paths', '/home/abreham/CS489-lab4']
[0.093s] DEBUG:colcon:Parsed command line arguments: Namespace(allow_overriding=[], base_paths=['/home/abreham/CS489-lab4'], build_base='build', ignore_user_meta=False, log_base=None, log_level=None, main=<bound method ListVerb.main of <colcon_package_information.verb.list.ListVerb object at 0x7efd35db2100>>, metas=['./colcon.meta'], names_only=False, packages_above=None, packages_above_and_dependencies=None, packages_above_depth=None, packages_end=None, packages_ignore=None, packages_ignore_regex=None, packages_select=None, packages_select_build_failed=False, packages_select_by_dep=None, packages_select_regex=None, packages_select_test_failures=False, packages_skip=None, packages_skip_build_finished=False, packages_skip_by_dep=None, packages_skip_regex=None, packages_skip_test_passed=False, packages_skip_up_to=None, packages_start=None, packages_up_to=None, packages_up_to_regex=None, paths=None, paths_only=True, topological_graph=False, topological_graph_density=False, topological_graph_dot=False, topological_graph_dot_cluster=False, topological_graph_dot_include_skipped=False, topological_graph_legend=False, topological_order=False, verb_extension=<colcon_package_information.verb.list.ListVerb object at 0x7efd35db2100>, verb_name='list', verb_parser=<colcon_defaults.argument_parser.defaults.DefaultArgumentsDecorator object at 0x7efd35d40790>)
[0.167s] Level 1:colcon.colcon_core.package_discovery:discover_packages(colcon_meta) check parameters
[0.167s] Level 1:colcon.colcon_core.package_discovery:discover_packages(recursive) check parameters
[0.167s] Level 1:colcon.colcon_core.package_discovery:discover_packages(ignore) check parameters
[0.167s] Level 1:colcon.colcon_core.package_discovery:discover_packages(path) check parameters
[0.167s] Level 1:colcon.colcon_core.package_discovery:discover_packages(recursive) discover
[0.167s] INFO:colcon.colcon_core.package_discovery:Crawling recursively for packages in '/home/abreham/CS489-lab4'
[0.167s] Level 1:colcon.colcon_core.package_identification:_identify(/home/abreham/CS489-lab4) by extensions ['ignore', 'ignore_ament_install']
[0.168s] Level 1:colcon.colcon_core.package_identification:_identify(/home/abreham/CS489-lab4) by extension 'ignore'
[0.168s] Level 1:colcon.colcon_core.package_identification:_identify(/home/abreham/CS489-lab4) by extension 'ignore_ament_install'
[0.168s] Level 1:colcon.colcon_core.package_identification:_identify(/home/abreham/CS489-lab4) by extensions ['colcon_pkg']
[0.168s] Level 1:colcon.colcon_core.package_identification:_identify(/home/abreham/CS489-lab4) by extension 'colcon_pkg'
[0.168s] Level 1:colcon.colcon_core.package_identification:_identify(/home/abreham/CS489-lab4) by extensions ['colcon_meta']
[0.168s] Level 1:colcon.colcon_core.package_identification:_identify(/home/abreham/CS489-lab4) by extension 'colcon_meta'
[0.168s] Level 1:colcon.colcon_core.package_identification:_identify(/home/abreham/CS489-lab4) by extensions ['ros']
[0.168s] Level 1:colcon.colcon_core.package_identification:_identify(/home/abreham/CS489-lab4) by extension 'ros'
[0.174s] Level 1:colcon.colcon_core.package_identification:_identify(/home/abreham/CS489-lab4) by extensions ['cmake', 'python']
[0.174s] Level 1:colcon.colcon_core.package_identification:_identify(/home/abreham/CS489-lab4) by extension 'cmake'
[0.174s] Level 1:colcon.colcon_core.package_identification:_identify(/home/abreham/CS489-lab4) by extension 'python'
[0.174s] Level 1:colcon.colcon_core.package_identification:_identify(/home/abreham/CS489-lab4) by extensions ['python_setup_py']
[0.174s] Level 1:colcon.colcon_core.package_identification:_identify(/home/abreham/CS489-lab4) by extension 'python_setup_py'
[0.174s] Level 1:colcon.colcon_core.package_identification:_identify(/home/abreham/CS489-lab4/log) by extensions ['ignore', 'ignore_ament_install']
[0.174s] Level 1:colcon.colcon_core.package_identification:_identify(/home/abreham/CS489-lab4/log) by extension 'ignore'
[0.174s] Level 1:colcon.colcon_core.package_identification:_identify(/home/abreham/CS489-lab4/log) ignored
[0.174s] Level 1:colcon.colcon_core.package_identification:_identify(/home/abreham/CS489-lab4/src) by extensions ['ignore', 'ignore_ament_install']
[0.174s] Level 1:colcon.colcon_core.package_identification:_identify(/home/abreham/CS489-lab4/src) by extension 'ignore'
[0.174s] Level 1:colcon.colcon_core.package_identification:_identify(/home/abreham/CS489-lab4/src) by extension 'ignore_ament_install'
[0.174s] Level 1:colcon.colcon_core.package_identification:_identify(/home/abreham/CS489-lab4/src) by extensions ['colcon_pkg']
[0.174s] Level 1:colcon.colcon_core.package_identification:_identify(/home/abreham/CS489-lab4/src) by extension 'colcon_pkg'
[0.174s] Level 1:colcon.colcon_core.package_identification:_identify(/home/abreham/CS489-lab4/src) by extensions ['colcon_meta']
[0.174s] Level 1:colcon.colcon_core.package_identification:_identify(/home/abreham/CS489-lab4/src) by extension 'colcon_meta'
[0.174s] Level 1:colcon.colcon_core.package_identification:_identify(/home/abreham/CS489-lab4/src) by extensions ['ros']
[0.174s] Level 1:colcon.colcon_core.package_identification:_identify(/home/abreham/CS489-lab4/src) by extension 'ros'
[0.174s] Level 1:colcon.colcon_core.package_identification:_identify(/home/abreham/CS489-lab4/src) by extensions ['cmake', 'python']
[0.174s] Level 1:colcon.colcon_core.package_identification:_identify(/home/abreham/CS489-lab4/src) by extension 'cmake'
[0.174s] Level 1:colcon.colcon_core.package_identification:_identify(/home/abreham/CS489-lab4/src) by extension 'python'
[0.175s] Level 1:colcon.colcon_core.package_identification:_identify(/home/abreham/CS489-lab4/src) by extensions ['python_setup_py']
[0.175s] Level 1:colcon.colcon_core.package_identification:_identify(/home/abreham/CS489-lab4/src) by extension 'python_setup_py'
[0.175s] Level 1:colcon.colcon_core.package_identification:_identify(/home/abreham/CS489-lab4/src/__pycache__) by extensions ['ignore', 'ignore_ament_install']
[0.175s] Level 1:colcon.colcon_core.package_identification:_identify(/home/abreham/CS489-lab4/src/__pycache__) by extension 'ignore'
[0.175s] Level 1:colcon.colcon_core.package_identification:_identify(/home/abreham/CS489-lab4/src/__pycache__) by extension 'ignore_ament_install'
[0.175s] Level 1:colcon.colcon_core.package_identification:_identify(/home/abreham/CS489-lab4/src/__pycache__) by extensions ['colcon_pkg']
[0.175s] Level 1:colcon.colcon_core.package_identification:_identify(/home/abreham/CS489-lab4/src/__pycache__) by extension 'colcon_pkg'
[0.175s] Level 1:colcon.colcon_core.package_identification:_identify(/home/abreham/CS489-lab4/src/__pycache__) by extensions ['colcon_meta']
[0.175s] Level 1:colcon.colcon_core.package_identification:_identify(/home/abreham/CS489-lab4/src/__pycache__) by extension 'colcon_meta'
[0.175s] Level 1:colcon.colcon_core.package_identification:_identify(/home/abreham/CS489-lab4/src/__pycache__) by extensions ['ros']
[0.175s] Level 1:colcon.colcon_core.package_identification:_identify(/home/abreham/CS489-lab4/src/__pycache__) by extension 'ros'
[0.175s] Level 1:colcon.colcon_core.package_identification:_identify(/home/abreham/CS489-lab4/src/__pycache__) by extensions ['cmake', 'python']
[0.175s] Level 1:colcon.colcon_core.package_identification:_identify(/home/abreham/CS489-lab4/src/__pycache__) by extension 'cmake'
[0.175s] Level 1:colcon.colcon_core.package_identification:_identify(/home/abreham/CS489-lab4/src/__pycache__) by extension 'python'
[0.175s] Level 1:colcon.colcon_core.package_identification:_identify(/home/abreham/CS489-lab4/src/__pycache__) by extensions ['python_setup_py']
[0.175s] Level 1:colcon.colcon_core.package_identification:_identify(/home/abreham/CS489-lab4/src/__pycache__) by extension 'python_setup_py'
[0.175s] Level 1:colcon.colcon_core.package_identification:_identify(/home/abreham/CS489-lab4/src/abreham_safety_node) by extensions ['ignore', 'ignore_ament_install']
[0.175s] Level 1:colcon.colcon_core.package_identification:_identify(/home/abreham/CS489-lab4/src/abreham_safety_node) by extension 'ignore'
[0.175s] Level 1:colcon.colcon_core.package_identification:_identify(/home/abreham/CS489-lab4/src/abreham_safety_node) by extension 'ignore_ament_install'
[0.175s] Level 1:colcon.colcon_core.package_identification:_identify(/home/abreham/CS489-lab4/src/abreham_safety_node) by extensions ['colcon_pkg']
[0.175s] Level 1:colcon.colcon_core.package_identification:_identify(/home/abreham/CS489-lab4/src/abreham_safety_node) by extension 'colcon_pkg'
[0.175s] Level 1:colcon.colcon_core.package_identification:_identify(/home/abreham/CS489-lab4/src/abreham_safety_node) by extensions ['colcon_meta']
[0.175s] Level 1:colcon.colcon_core.package_identification:_identify(/home/abreham/CS489-lab4/src/abreham_safety_node) by extension 'colcon_meta'
[0.175s] Level 1:colcon.colcon_core.package_identification:_identify(/home/abreham/CS489-lab4/src/abreham_safety_node) by extensions ['ros']
[0.175s] Level 1:colcon.colcon_core.package_identification:_identify(/home/abreham/CS489-lab4/src/abreham_safety_node) by extension 'ros'
[0.177s] DEBUG:colcon.colcon_core.package_identification:Package '/home/abreham/CS489-lab4/src/abreham_safety_node' with type 'ros.ament_cmake' and name 'abreham_safety_node'
[0.177s] Level 1:colcon.colcon_core.package_identification:_identify(/home/abreham/CS489-lab4/src/abreham_wall_follow) by extensions ['ignore', 'ignore_ament_install']
[0.177s] Level 1:colcon.colcon_core.package_identification:_identify(/home/abreham/CS489-lab4/src/abreham_wall_follow) by extension 'ignore'
[0.177s] Level 1:colcon.colcon_core.package_identification:_identify(/home/abreham/CS489-lab4/src/abreham_wall_follow) by extension 'ignore_ament_install'
[0.177s] Level 1:colcon.colcon_core.package_identification:_identify(/home/abreham/CS489-lab4/src/abreham_wall_follow) by extensions ['colcon_pkg']
[0.177s] Level 1:colcon.colcon_core.package_identification:_identify(/home/abreham/CS489-lab4/src/abreham_wall_follow) by extension 'colcon_pkg'
[0.177s] Level 1:colcon.colcon_core.package_identification:_identify(/home/abreham/CS489-lab4/src/abreham_wall_follow) by extensions ['colcon_meta']
[0.177s] Level 1:colcon.colcon_core.package_identification:_identify(/home/abreham/CS489-lab4/src/abreham_wall_follow) by extension 'colcon_meta'
[0.177s] Level 1:colcon.colcon_core.package_identification:_identify(/home/abreham/CS489-lab4/src/abreham_wall_follow) by extensions ['ros']
[0.177s] Level 1:colcon.colcon_core.package_identification:_identify(/home/abreham/CS489-lab4/src/abreham_wall_follow) by extension 'ros'
[0.178s] DEBUG:colcon.colcon_core.package_identification:Package '/home/abreham/CS489-lab4/src/abreham_wall_follow' with type 'ros.ament_cmake' and name 'abreham_wall_follow'
[0.178s] Level 1:colcon.colcon_core.package_identification:_identify(/home/abreham/CS489-lab4/src/build) by extensions ['ignore', 'ignore_ament_install']
[0.178s] Level 1:colcon.colcon_core.package_identification:_identify(/home/abreham/CS489-lab4/src/build) by extension 'ignore'
[0.178s] Level 1:colcon.colcon_core.package_identification:_identify(/home/abreham/CS489-lab4/src/build) ignored
[0.178s] Level 1:colcon.colcon_core.package_identification:_identify(/home/abreham/CS489-lab4/src/f1tenth_gym_ros) by extensions ['ignore', 'ignore_ament_install']
[0.178s] Level 1:colcon.colcon_core.package_identification:_identify(/home/abreham/CS489-lab4/src/f1tenth_gym_ros) by extension 'ignore'
[0.179s] Level 1:colcon.colcon_core.package_identification:_identify(/home/abreham/CS489-lab4/src/f1tenth_gym_ros) by extension 'ignore_ament_install'
[0.179s] Level 1:colcon.colcon_core.package_identification:_identify(/home/abreham/CS489-lab4/src/f1tenth_gym_ros) by extensions ['colcon_pkg']
[0.179s] Level 1:colcon.colcon_core.package_identification:_identify(/home/abreham/CS489-lab4/src/f1tenth_gym_ros) by extension 'colcon_pkg'
[0.179s] Level 1:colcon.colcon_core.package_identification:_identify(/home/abreham/CS489-lab4/src/f1tenth_gym_ros) by extensions ['colcon_meta']
[0.179s] Level 1:colcon.colcon_core.package_identification:_identify(/home/abreham/CS489-lab4/src/f1tenth_gym_ros) by extension 'colcon_meta'
[0.179s] Level 1:colcon.colcon_core.package_identification:_identify(/home/abreham/CS489-lab4/src/f1tenth_gym_ros) by extensions ['ros']
[0.179s] Level 1:colcon.colcon_core.package_identification:_identify(/home/abreham/CS489-lab4/src/f1tenth_gym_ros) by extension 'ros'
[0.179s] DEBUG:colcon.colcon_core.package_identification:Package '/home/abreham/CS489-lab4/src/f1tenth_gym_ros' with type 'ros.ament_python' and name 'f1tenth_gym_ros'
[0.179s] Level 1:colcon.colcon_core.package_identification:_identify(/home/abreham/CS489-lab4/src/install) by extensions ['ignore', 'ignore_ament_install']
[0.179s] Level 1:colcon.colcon_core.package_identification:_identify(/home/abreham/CS489-lab4/src/install) by extension 'ignore'
[0.179s] Level 1:colcon.colcon_core.package_identification:_identify(/home/abreham/CS489-lab4/src/install) ignored
[0.179s] Level 1:colcon.colcon_core.package_identification:_identify(/home/abreham/CS489-lab4/src/launcher_pkg) by extensions ['ignore', 'ignore_ament_install']
[0.179s] Level 1:colcon.colcon_core.package_identification:_identify(/home/abreham/CS489-lab4/src/launcher_pkg) by extension 'ignore'
[0.179s] Level 1:colcon.colcon_core.package_identification:_identify(/home/abreham/CS489-lab4/src/launcher_pkg) by extension 'ignore_ament_install'
[0.179s] Level 1:colcon.colcon_core.package_identification:_identify(/home/abreham/CS489-lab4/src/launcher_pkg) by extensions ['colcon_pkg']
[0.179s] Level 1:colcon.colcon_core.package_identification:_identify(/home/abreham/CS489-lab4/src/launcher_pkg) by extension 'colcon_pkg'
[0.179s] Level 1:colcon.colcon_core.package_identification:_identify(/home/abreham/CS489-lab4/src/launcher_pkg) by extensions ['colcon_meta']
[0.179s] Level 1:colcon.colcon_core.package_identification:_identify(/home/abreham/CS489-lab4/src/launcher_pkg) by extension 'colcon_meta'
[0.179s] Level 1:colcon.colcon_core.package_identification:_identify(/home/abreham/CS489-lab4/src/launcher_pkg) by extensions ['ros']
[0.179s] Level 1:colcon.colcon_core.package_identification:_identify(/home/abreham/CS489-lab4/src/launcher_pkg) by extension 'ros'
[0.180s] DEBUG:colcon.colcon_core.package_identification:Package '/home/abreham/CS489-lab4/src/launcher_pkg' with type 'ros.ament_python' and name 'launcher_pkg'
[0.180s] Level 1:colcon.colcon_core.package_identification:_identify(/home/abreham/CS489-lab4/src/log) by extensions ['ignore', 'ignore_ament_install']
[0.180s] Level 1:colcon.colcon_core.package_identification:_identify(/home/abreham/CS489-lab4/src/log) by extension 'ignore'
[0.180s] Level 1:colcon.colcon_core.package_identification:_identify(/home/abreham/CS489-lab4/src/log) ignored
[0.180s] Level 1:colcon.colcon_core.package_identification:_identify(/home/abreham/CS489-lab4/src/oscar_safety_node) by extensions ['ignore', 'ignore_ament_install']
[0.180s] Level 1:colcon.colcon_core.package_identification:_identify(/home/abreham/CS489-lab4/src/oscar_safety_node) by extension 'ignore'
[0.180s] Level 1:colcon.colcon_core.package_identification:_identify(/home/abreham/CS489-lab4/src/oscar_safety_node) by extension 'ignore_ament_install'
[0.180s] Level 1:colcon.colcon_core.package_identification:_identify(/home/abreham/CS489-lab4/src/oscar_safety_node) by extensions ['colcon_pkg']
[0.180s] Level 1:colcon.colcon_core.package_identification:_identify(/home/abreham/CS489-lab4/src/oscar_safety_node) by extension 'colcon_pkg'
[0.180s] Level 1:colcon.colcon_core.package_identification:_identify(/home/abreham/CS489-lab4/src/oscar_safety_node) by extensions ['colcon_meta']
[0.180s] Level 1:colcon.colcon_core.package_identification:_identify(/home/abreham/CS489-lab4/src/oscar_safety_node) by extension 'colcon_meta'
[0.180s] Level 1:colcon.colcon_core.package_identification:_identify(/home/abreham/CS489-lab4/src/oscar_safety_node) by extensions ['ros']
[0.180s] Level 1:colcon.colcon_core.package_identification:_identify(/home/abreham/CS489-lab4/src/oscar_safety_node) by extension 'ros'
[0.181s] DEBUG:colcon.colcon_core.package_identification:Package '/home/abreham/CS489-lab4/src/oscar_safety_node' with type 'ros.ament_cmake' and name 'oscar_safety_node'
[0.181s] Level 1:colcon.colcon_core.package_identification:_identify(/home/abreham/CS489-lab4/src/oscar_wall_follow) by extensions ['ignore', 'ignore_ament_install']
[0.181s] Level 1:colcon.colcon_core.package_identification:_identify(/home/abreham/CS489-lab4/src/oscar_wall_follow) by extension 'ignore'
[0.181s] Level 1:colcon.colcon_core.package_identification:_identify(/home/abreham/CS489-lab4/src/oscar_wall_follow) by extension 'ignore_ament_install'
[0.181s] Level 1:colcon.colcon_core.package_identification:_identify(/home/abreham/CS489-lab4/src/oscar_wall_follow) by extensions ['colcon_pkg']
[0.181s] Level 1:colcon.colcon_core.package_identification:_identify(/home/abreham/CS489-lab4/src/oscar_wall_follow) by extension 'colcon_pkg'
[0.181s] Level 1:colcon.colcon_core.package_identification:_identify(/home/abreham/CS489-lab4/src/oscar_wall_follow) by extensions ['colcon_meta']
[0.181s] Level 1:colcon.colcon_core.package_identification:_identify(/home/abreham/CS489-lab4/src/oscar_wall_follow) by extension 'colcon_meta'
[0.181s] Level 1:colcon.colcon_core.package_identification:_identify(/home/abreham/CS489-lab4/src/oscar_wall_follow) by extensions ['ros']
[0.181s] Level 1:colcon.colcon_core.package_identification:_identify(/home/abreham/CS489-lab4/src/oscar_wall_follow) by extension 'ros'
[0.181s] DEBUG:colcon.colcon_core.package_identification:Package '/home/abreham/CS489-lab4/src/oscar_wall_follow' with type 'ros.ament_cmake' and name 'oscar_wall_follow'
[0.181s] Level 1:colcon.colcon_core.package_identification:_identify(/home/abreham/CS489-lab4/src/richard_safety_node) by extensions ['ignore', 'ignore_ament_install']
[0.181s] Level 1:colcon.colcon_core.package_identification:_identify(/home/abreham/CS489-lab4/src/richard_safety_node) by extension 'ignore'
[0.181s] Level 1:colcon.colcon_core.package_identification:_identify(/home/abreham/CS489-lab4/src/richard_safety_node) by extension 'ignore_ament_install'
[0.181s] Level 1:colcon.colcon_core.package_identification:_identify(/home/abreham/CS489-lab4/src/richard_safety_node) by extensions ['colcon_pkg']
[0.181s] Level 1:colcon.colcon_core.package_identification:_identify(/home/abreham/CS489-lab4/src/richard_safety_node) by extension 'colcon_pkg'
[0.181s] Level 1:colcon.colcon_core.package_identification:_identify(/home/abreham/CS489-lab4/src/richard_safety_node) by extensions ['colcon_meta']
[0.182s] Level 1:colcon.colcon_core.package_identification:_identify(/home/abreham/CS489-lab4/src/richard_safety_node) by extension 'colcon_meta'
[0.182s] Level 1:colcon.colcon_core.package_identification:_identify(/home/abreham/CS489-lab4/src/richard_safety_node) by extensions ['ros']
[0.182s] Level 1:colcon.colcon_core.package_identification:_identify(/home/abreham/CS489-lab4/src/richard_safety_node) by extension 'ros'
[0.182s] DEBUG:colcon.colcon_core.package_identification:Package '/home/abreham/CS489-lab4/src/richard_safety_node' with type 'ros.ament_cmake' and name 'richard_safety_node'
[0.182s] Level 1:colcon.colcon_core.package_discovery:discover_packages(recursive) using defaults
