[0.085s] DEBUG:colcon:Command line arguments: ['/usr/bin/colcon', 'build', '--packages-select', 'wall_follow']
[0.085s] DEBUG:colcon:Parsed command line arguments: Namespace(allow_overriding=[], ament_cmake_args=None, base_paths=['.'], build_base='build', catkin_cmake_args=None, catkin_skip_building_tests=False, cmake_args=None, cmake_clean_cache=False, cmake_clean_first=False, cmake_force_configure=False, cmake_target=None, cmake_target_skip_unavailable=False, continue_on_error=False, event_handlers=None, executor='parallel', ignore_user_meta=False, install_base='install', log_base=None, log_level=None, main=<bound method BuildVerb.main of <colcon_core.verb.build.BuildVerb object at 0x7fb0a893adf0>>, merge_install=False, metas=['./colcon.meta'], packages_above=None, packages_above_and_dependencies=None, packages_above_depth=None, packages_end=None, packages_ignore=None, packages_ignore_regex=None, packages_select=['wall_follow'], packages_select_build_failed=False, packages_select_by_dep=None, packages_select_regex=None, packages_select_test_failures=False, packages_skip=None, packages_skip_build_finished=False, packages_skip_by_dep=None, packages_skip_regex=None, packages_skip_test_passed=False, packages_skip_up_to=None, packages_start=None, packages_up_to=None, packages_up_to_regex=None, parallel_workers=32, paths=None, symlink_install=False, test_result_base=None, verb_extension=<colcon_core.verb.build.BuildVerb object at 0x7fb0a893adf0>, verb_name='build', verb_parser=<colcon_defaults.argument_parser.defaults.DefaultArgumentsDecorator object at 0x7fb0a88c7610>)
[0.149s] Level 1:colcon.colcon_core.package_discovery:discover_packages(colcon_meta) check parameters
[0.149s] Level 1:colcon.colcon_core.package_discovery:discover_packages(recursive) check parameters
[0.149s] Level 1:colcon.colcon_core.package_discovery:discover_packages(ignore) check parameters
[0.150s] Level 1:colcon.colcon_core.package_discovery:discover_packages(path) check parameters
[0.150s] Level 1:colcon.colcon_core.package_discovery:discover_packages(colcon_meta) discover
[0.150s] Level 1:colcon.colcon_core.package_discovery:discover_packages(recursive) discover
[0.150s] INFO:colcon.colcon_core.package_discovery:Crawling recursively for packages in '/home/abreham/sim_ws/src/wall_follow'
[0.150s] Level 1:colcon.colcon_core.package_identification:_identify(.) by extensions ['ignore', 'ignore_ament_install']
[0.150s] Level 1:colcon.colcon_core.package_identification:_identify(.) by extension 'ignore'
[0.150s] Level 1:colcon.colcon_core.package_identification:_identify(.) by extension 'ignore_ament_install'
[0.150s] Level 1:colcon.colcon_core.package_identification:_identify(.) by extensions ['colcon_pkg']
[0.150s] Level 1:colcon.colcon_core.package_identification:_identify(.) by extension 'colcon_pkg'
[0.150s] Level 1:colcon.colcon_core.package_identification:_identify(.) by extensions ['colcon_meta']
[0.150s] Level 1:colcon.colcon_core.package_identification:_identify(.) by extension 'colcon_meta'
[0.150s] Level 1:colcon.colcon_core.package_identification:_identify(.) by extensions ['ros']
[0.150s] Level 1:colcon.colcon_core.package_identification:_identify(.) by extension 'ros'
[0.157s] DEBUG:colcon.colcon_core.package_identification:Package '.' with type 'ros.ament_cmake' and name 'wall_follow'
[0.157s] Level 1:colcon.colcon_core.package_discovery:discover_packages(recursive) using defaults
[0.157s] Level 1:colcon.colcon_core.package_discovery:discover_packages(ignore) discover
[0.157s] Level 1:colcon.colcon_core.package_discovery:discover_packages(ignore) using defaults
[0.157s] Level 1:colcon.colcon_core.package_discovery:discover_packages(path) discover
[0.157s] Level 1:colcon.colcon_core.package_discovery:discover_packages(path) using defaults
[0.165s] Level 1:colcon.colcon_core.package_discovery:discover_packages(prefix_path) check parameters
[0.165s] Level 1:colcon.colcon_core.package_discovery:discover_packages(prefix_path) discover
[0.166s] DEBUG:colcon.colcon_installed_package_information.package_discovery:Found 6 installed packages in /home/abreham/sim_ws/src/install
[0.166s] DEBUG:colcon.colcon_installed_package_information.package_discovery:Found 1 installed packages in /home/abreham/sim_ws/install
[0.166s] DEBUG:colcon.colcon_installed_package_information.package_discovery:Found 266 installed packages in /opt/ros/foxy
[0.167s] Level 1:colcon.colcon_core.package_discovery:discover_packages(prefix_path) using defaults
[0.196s] Level 5:colcon.colcon_core.verb:set package 'wall_follow' build argument 'cmake_args' from command line to 'None'
[0.196s] Level 5:colcon.colcon_core.verb:set package 'wall_follow' build argument 'cmake_target' from command line to 'None'
[0.196s] Level 5:colcon.colcon_core.verb:set package 'wall_follow' build argument 'cmake_target_skip_unavailable' from command line to 'False'
[0.196s] Level 5:colcon.colcon_core.verb:set package 'wall_follow' build argument 'cmake_clean_cache' from command line to 'False'
[0.196s] Level 5:colcon.colcon_core.verb:set package 'wall_follow' build argument 'cmake_clean_first' from command line to 'False'
[0.196s] Level 5:colcon.colcon_core.verb:set package 'wall_follow' build argument 'cmake_force_configure' from command line to 'False'
[0.196s] Level 5:colcon.colcon_core.verb:set package 'wall_follow' build argument 'ament_cmake_args' from command line to 'None'
[0.196s] Level 5:colcon.colcon_core.verb:set package 'wall_follow' build argument 'catkin_cmake_args' from command line to 'None'
[0.196s] Level 5:colcon.colcon_core.verb:set package 'wall_follow' build argument 'catkin_skip_building_tests' from command line to 'False'
[0.196s] DEBUG:colcon.colcon_core.verb:Building package 'wall_follow' with the following arguments: {'ament_cmake_args': None, 'build_base': '/home/abreham/sim_ws/src/wall_follow/build/wall_follow', 'catkin_cmake_args': None, 'catkin_skip_building_tests': False, 'cmake_args': None, 'cmake_clean_cache': False, 'cmake_clean_first': False, 'cmake_force_configure': False, 'cmake_target': None, 'cmake_target_skip_unavailable': False, 'install_base': '/home/abreham/sim_ws/src/wall_follow/install/wall_follow', 'merge_install': False, 'path': '/home/abreham/sim_ws/src/wall_follow', 'symlink_install': False, 'test_result_base': None}
[0.197s] INFO:colcon.colcon_core.executor:Executing jobs using 'parallel' executor
[0.197s] DEBUG:colcon.colcon_parallel_executor.executor.parallel:run_until_complete
[0.197s] INFO:colcon.colcon_ros.task.ament_cmake.build:Building ROS package in '/home/abreham/sim_ws/src/wall_follow' with build type 'ament_cmake'
[0.197s] INFO:colcon.colcon_cmake.task.cmake.build:Building CMake package in '/home/abreham/sim_ws/src/wall_follow'
[0.198s] INFO:colcon.colcon_core.plugin_system:Skipping extension 'colcon_core.shell.bat': Not used on non-Windows systems
[0.198s] INFO:colcon.colcon_core.shell:Skip shell extension 'powershell' for command environment: Not usable outside of PowerShell
[0.198s] DEBUG:colcon.colcon_core.shell:Skip shell extension 'dsv' for command environment
[0.204s] DEBUG:colcon.colcon_core.event_handler.log_command:Invoking command in '/home/abreham/sim_ws/src/wall_follow/build/wall_follow': CMAKE_PREFIX_PATH=${CMAKE_PREFIX_PATH}:/home/abreham/sim_ws/src/install/launcher_pkg:/home/abreham/sim_ws/src/install/f1tenth_gym_ros:/home/abreham/sim_ws/install/wall_follow:/opt/ros/foxy /usr/bin/cmake /home/abreham/sim_ws/src/wall_follow -DCMAKE_INSTALL_PREFIX=/home/abreham/sim_ws/src/wall_follow/install/wall_follow
[1.352s] DEBUG:colcon.colcon_core.event_handler.log_command:Invoked command in '/home/abreham/sim_ws/src/wall_follow/build/wall_follow' returned '0': CMAKE_PREFIX_PATH=${CMAKE_PREFIX_PATH}:/home/abreham/sim_ws/src/install/launcher_pkg:/home/abreham/sim_ws/src/install/f1tenth_gym_ros:/home/abreham/sim_ws/install/wall_follow:/opt/ros/foxy /usr/bin/cmake /home/abreham/sim_ws/src/wall_follow -DCMAKE_INSTALL_PREFIX=/home/abreham/sim_ws/src/wall_follow/install/wall_follow
[1.353s] DEBUG:colcon.colcon_core.event_handler.log_command:Invoking command in '/home/abreham/sim_ws/src/wall_follow/build/wall_follow': CMAKE_PREFIX_PATH=${CMAKE_PREFIX_PATH}:/home/abreham/sim_ws/src/install/launcher_pkg:/home/abreham/sim_ws/src/install/f1tenth_gym_ros:/home/abreham/sim_ws/install/wall_follow:/opt/ros/foxy /usr/bin/cmake --build /home/abreham/sim_ws/src/wall_follow/build/wall_follow -- -j32 -l32
[2.198s] DEBUG:colcon.colcon_core.event_handler.log_command:Invoked command in '/home/abreham/sim_ws/src/wall_follow/build/wall_follow' returned '0': CMAKE_PREFIX_PATH=${CMAKE_PREFIX_PATH}:/home/abreham/sim_ws/src/install/launcher_pkg:/home/abreham/sim_ws/src/install/f1tenth_gym_ros:/home/abreham/sim_ws/install/wall_follow:/opt/ros/foxy /usr/bin/cmake --build /home/abreham/sim_ws/src/wall_follow/build/wall_follow -- -j32 -l32
[2.205s] DEBUG:colcon.colcon_core.event_handler.log_command:Invoking command in '/home/abreham/sim_ws/src/wall_follow/build/wall_follow': CMAKE_PREFIX_PATH=${CMAKE_PREFIX_PATH}:/home/abreham/sim_ws/src/install/launcher_pkg:/home/abreham/sim_ws/src/install/f1tenth_gym_ros:/home/abreham/sim_ws/install/wall_follow:/opt/ros/foxy /usr/bin/cmake --install /home/abreham/sim_ws/src/wall_follow/build/wall_follow
[2.228s] Level 1:colcon.colcon_core.environment:create_environment_scripts_only(wall_follow)
[2.229s] DEBUG:colcon.colcon_core.event_handler.log_command:Invoked command in '/home/abreham/sim_ws/src/wall_follow/build/wall_follow' returned '0': CMAKE_PREFIX_PATH=${CMAKE_PREFIX_PATH}:/home/abreham/sim_ws/src/install/launcher_pkg:/home/abreham/sim_ws/src/install/f1tenth_gym_ros:/home/abreham/sim_ws/install/wall_follow:/opt/ros/foxy /usr/bin/cmake --install /home/abreham/sim_ws/src/wall_follow/build/wall_follow
[2.230s] Level 1:colcon.colcon_core.environment:checking '/home/abreham/sim_ws/src/wall_follow/install/wall_follow' for CMake module files
[2.231s] Level 1:colcon.colcon_core.environment:checking '/home/abreham/sim_ws/src/wall_follow/install/wall_follow' for CMake config files
[2.231s] Level 1:colcon.colcon_core.shell:create_environment_hook('wall_follow', 'cmake_prefix_path')
[2.231s] INFO:colcon.colcon_core.shell:Creating environment hook '/home/abreham/sim_ws/src/wall_follow/install/wall_follow/share/wall_follow/hook/cmake_prefix_path.ps1'
[2.232s] INFO:colcon.colcon_core.shell:Creating environment descriptor '/home/abreham/sim_ws/src/wall_follow/install/wall_follow/share/wall_follow/hook/cmake_prefix_path.dsv'
[2.232s] INFO:colcon.colcon_core.shell:Creating environment hook '/home/abreham/sim_ws/src/wall_follow/install/wall_follow/share/wall_follow/hook/cmake_prefix_path.sh'
[2.233s] Level 1:colcon.colcon_core.environment:checking '/home/abreham/sim_ws/src/wall_follow/install/wall_follow/lib'
[2.233s] Level 1:colcon.colcon_core.environment:checking '/home/abreham/sim_ws/src/wall_follow/install/wall_follow/bin'
[2.233s] Level 1:colcon.colcon_core.environment:checking '/home/abreham/sim_ws/src/wall_follow/install/wall_follow/lib/pkgconfig/wall_follow.pc'
[2.233s] Level 1:colcon.colcon_core.environment:checking '/home/abreham/sim_ws/src/wall_follow/install/wall_follow/lib/python3.8/site-packages'
[2.233s] Level 1:colcon.colcon_core.shell:create_environment_hook('wall_follow', 'pythonpath')
[2.233s] INFO:colcon.colcon_core.shell:Creating environment hook '/home/abreham/sim_ws/src/wall_follow/install/wall_follow/share/wall_follow/hook/pythonpath.ps1'
[2.233s] INFO:colcon.colcon_core.shell:Creating environment descriptor '/home/abreham/sim_ws/src/wall_follow/install/wall_follow/share/wall_follow/hook/pythonpath.dsv'
[2.233s] INFO:colcon.colcon_core.shell:Creating environment hook '/home/abreham/sim_ws/src/wall_follow/install/wall_follow/share/wall_follow/hook/pythonpath.sh'
[2.234s] Level 1:colcon.colcon_core.environment:checking '/home/abreham/sim_ws/src/wall_follow/install/wall_follow/bin'
[2.234s] INFO:colcon.colcon_core.shell:Creating package script '/home/abreham/sim_ws/src/wall_follow/install/wall_follow/share/wall_follow/package.ps1'
[2.234s] INFO:colcon.colcon_core.shell:Creating package descriptor '/home/abreham/sim_ws/src/wall_follow/install/wall_follow/share/wall_follow/package.dsv'
[2.234s] INFO:colcon.colcon_core.shell:Creating package script '/home/abreham/sim_ws/src/wall_follow/install/wall_follow/share/wall_follow/package.sh'
[2.234s] INFO:colcon.colcon_core.shell:Creating package script '/home/abreham/sim_ws/src/wall_follow/install/wall_follow/share/wall_follow/package.bash'
[2.235s] INFO:colcon.colcon_core.shell:Creating package script '/home/abreham/sim_ws/src/wall_follow/install/wall_follow/share/wall_follow/package.zsh'
[2.235s] Level 1:colcon.colcon_core.environment:create_file_with_runtime_dependencies(/home/abreham/sim_ws/src/wall_follow/install/wall_follow/share/colcon-core/packages/wall_follow)
[2.235s] Level 1:colcon.colcon_core.environment:create_environment_scripts_only(wall_follow)
[2.235s] Level 1:colcon.colcon_core.environment:checking '/home/abreham/sim_ws/src/wall_follow/install/wall_follow' for CMake module files
[2.236s] Level 1:colcon.colcon_core.environment:checking '/home/abreham/sim_ws/src/wall_follow/install/wall_follow' for CMake config files
[2.236s] Level 1:colcon.colcon_core.shell:create_environment_hook('wall_follow', 'cmake_prefix_path')
[2.236s] INFO:colcon.colcon_core.shell:Creating environment hook '/home/abreham/sim_ws/src/wall_follow/install/wall_follow/share/wall_follow/hook/cmake_prefix_path.ps1'
[2.236s] INFO:colcon.colcon_core.shell:Creating environment descriptor '/home/abreham/sim_ws/src/wall_follow/install/wall_follow/share/wall_follow/hook/cmake_prefix_path.dsv'
[2.236s] INFO:colcon.colcon_core.shell:Creating environment hook '/home/abreham/sim_ws/src/wall_follow/install/wall_follow/share/wall_follow/hook/cmake_prefix_path.sh'
[2.236s] Level 1:colcon.colcon_core.environment:checking '/home/abreham/sim_ws/src/wall_follow/install/wall_follow/lib'
[2.236s] Level 1:colcon.colcon_core.environment:checking '/home/abreham/sim_ws/src/wall_follow/install/wall_follow/bin'
[2.236s] Level 1:colcon.colcon_core.environment:checking '/home/abreham/sim_ws/src/wall_follow/install/wall_follow/lib/pkgconfig/wall_follow.pc'
[2.236s] Level 1:colcon.colcon_core.environment:checking '/home/abreham/sim_ws/src/wall_follow/install/wall_follow/lib/python3.8/site-packages'
[2.236s] Level 1:colcon.colcon_core.shell:create_environment_hook('wall_follow', 'pythonpath')
[2.236s] INFO:colcon.colcon_core.shell:Creating environment hook '/home/abreham/sim_ws/src/wall_follow/install/wall_follow/share/wall_follow/hook/pythonpath.ps1'
[2.237s] INFO:colcon.colcon_core.shell:Creating environment descriptor '/home/abreham/sim_ws/src/wall_follow/install/wall_follow/share/wall_follow/hook/pythonpath.dsv'
[2.237s] INFO:colcon.colcon_core.shell:Creating environment hook '/home/abreham/sim_ws/src/wall_follow/install/wall_follow/share/wall_follow/hook/pythonpath.sh'
[2.237s] Level 1:colcon.colcon_core.environment:checking '/home/abreham/sim_ws/src/wall_follow/install/wall_follow/bin'
[2.237s] INFO:colcon.colcon_core.shell:Creating package script '/home/abreham/sim_ws/src/wall_follow/install/wall_follow/share/wall_follow/package.ps1'
[2.237s] INFO:colcon.colcon_core.shell:Creating package descriptor '/home/abreham/sim_ws/src/wall_follow/install/wall_follow/share/wall_follow/package.dsv'
[2.237s] INFO:colcon.colcon_core.shell:Creating package script '/home/abreham/sim_ws/src/wall_follow/install/wall_follow/share/wall_follow/package.sh'
[2.238s] INFO:colcon.colcon_core.shell:Creating package script '/home/abreham/sim_ws/src/wall_follow/install/wall_follow/share/wall_follow/package.bash'
[2.238s] INFO:colcon.colcon_core.shell:Creating package script '/home/abreham/sim_ws/src/wall_follow/install/wall_follow/share/wall_follow/package.zsh'
[2.238s] Level 1:colcon.colcon_core.environment:create_file_with_runtime_dependencies(/home/abreham/sim_ws/src/wall_follow/install/wall_follow/share/colcon-core/packages/wall_follow)
[2.238s] DEBUG:colcon.colcon_parallel_executor.executor.parallel:closing loop
[2.238s] DEBUG:colcon.colcon_parallel_executor.executor.parallel:loop closed
[2.238s] DEBUG:colcon.colcon_parallel_executor.executor.parallel:run_until_complete finished with '0'
[2.238s] DEBUG:colcon.colcon_core.event_reactor:joining thread
[2.243s] INFO:colcon.colcon_core.plugin_system:Skipping extension 'colcon_notification.desktop_notification.terminal_notifier': Not used on non-Darwin systems
[2.243s] INFO:colcon.colcon_core.plugin_system:Skipping extension 'colcon_notification.desktop_notification.win32': Not used on non-Windows systems
[2.243s] INFO:colcon.colcon_notification.desktop_notification:Sending desktop notification using 'notify2'
[2.261s] DEBUG:colcon.colcon_core.event_reactor:joined thread
[2.261s] INFO:colcon.colcon_core.shell:Creating prefix script '/home/abreham/sim_ws/src/wall_follow/install/local_setup.ps1'
[2.262s] INFO:colcon.colcon_core.shell:Creating prefix util module '/home/abreham/sim_ws/src/wall_follow/install/_local_setup_util_ps1.py'
[2.264s] INFO:colcon.colcon_core.shell:Creating prefix chain script '/home/abreham/sim_ws/src/wall_follow/install/setup.ps1'
[2.265s] INFO:colcon.colcon_core.shell:Creating prefix script '/home/abreham/sim_ws/src/wall_follow/install/local_setup.sh'
[2.266s] INFO:colcon.colcon_core.shell:Creating prefix util module '/home/abreham/sim_ws/src/wall_follow/install/_local_setup_util_sh.py'
[2.266s] INFO:colcon.colcon_core.shell:Creating prefix chain script '/home/abreham/sim_ws/src/wall_follow/install/setup.sh'
[2.267s] INFO:colcon.colcon_core.shell:Creating prefix script '/home/abreham/sim_ws/src/wall_follow/install/local_setup.bash'
[2.268s] INFO:colcon.colcon_core.shell:Creating prefix chain script '/home/abreham/sim_ws/src/wall_follow/install/setup.bash'
[2.269s] INFO:colcon.colcon_core.shell:Creating prefix script '/home/abreham/sim_ws/src/wall_follow/install/local_setup.zsh'
[2.269s] INFO:colcon.colcon_core.shell:Creating prefix chain script '/home/abreham/sim_ws/src/wall_follow/install/setup.zsh'
